<?xml version="1.0" encoding="UTF-8"?>
<!-- Generated by org.testng.reporters.JUnitReportReporter -->
<testsuite hostname="Mohan-X1-Carbon" failures="0" tests="3" name="test1.TestPutAndPatch" time="8.509" errors="0" timestamp="2025-08-11T21:55:19 CDT" skipped="0">
  <testcase classname="test1.TestPutAndPatch" name="testDelete" time="7.219"/>
  <testcase classname="test1.TestPutAndPatch" name="testPatch" time="0.713"/>
  <testcase classname="test1.TestPutAndPatch" name="testPut" time="0.577"/>
</testsuite> <!-- test1.TestPutAndPatch -->
