<?xml version="1.0" encoding="UTF-8"?>
<!-- Generated by org.testng.reporters.JUnitReportReporter -->
<testsuite hostname="Mohan-X1-Carbon" failures="0" tests="1" name="test1.TestOnLocalApi" time="2.597" errors="0" timestamp="2025-08-04T20:08:26 CDT" skipped="0">
  <testcase classname="test1.TestOnLocalApi" name="patch" time="2.597"/>
</testsuite> <!-- test1.TestOnLocalApi -->
