<?xml version="1.0" encoding="UTF-8"?>
<!-- Generated by org.testng.reporters.JUnitReportReporter -->
<testsuite hostname="Mohan-X1-Carbon" failures="0" tests="1" name="test1.TestExample" time="0.239" errors="0" timestamp="2025-08-11T21:55:19 CDT" skipped="0">
  <testcase classname="test1.TestExample" name="test_1" time="0.239"/>
</testsuite> <!-- test1.TestExample -->
