<?xml version="1.0" encoding="UTF-8"?>
<!-- Generated by org.testng.reporters.JUnitReportReporter -->
<testsuite hostname="Mohan-X1-Carbon" failures="0" tests="1" name="test1.GetandPostExample" time="4.155" errors="0" timestamp="2025-07-30T21:17:01 CDT" skipped="0">
  <testcase classname="test1.GetandPostExample" name="test_post" time="4.155"/>
</testsuite> <!-- test1.GetandPostExample -->
