<?xml version="1.0" encoding="UTF-8"?>
<!-- Generated by org.testng.reporters.JUnitReportReporter -->
<testsuite hostname="Mohan-X1-Carbon" failures="0" tests="2" name="test1.TestExample2" time="4.196" errors="0" timestamp="2025-07-25T20:22:32 CDT" skipped="0">
  <testcase classname="test1.TestExample2" name="test2" time="3.969"/>
  <testcase classname="test1.TestExample2" name="test_1" time="0.227"/>
</testsuite> <!-- test1.TestExample2 -->
