<?xml version="1.0" encoding="UTF-8"?>
<!-- Generated by org.testng.reporters.JUnitReportReporter -->
<testsuite hostname="Mohan-X1-Carbon" failures="0" tests="1" name="test1.SoapXmlRequest" time="2.266" errors="0" timestamp="2025-08-11T21:55:19 CDT" skipped="0">
  <testcase classname="test1.SoapXmlRequest" name="ValidateSoapXml" time="2.266"/>
</testsuite> <!-- test1.SoapXmlRequest -->
