<?xml version="1.0" encoding="UTF-8"?>
<!-- Generated by org.testng.reporters.JUnitReportReporter -->
<testsuite hostname="Mohan-X1-Carbon" failures="0" tests="2" name="test1.TestExample2" time="1.115" errors="0" timestamp="2025-08-11T21:55:19 CDT" skipped="0">
  <testcase classname="test1.TestExample2" name="test2" time="0.883"/>
  <testcase classname="test1.TestExample2" name="test_1" time="0.232"/>
</testsuite> <!-- test1.TestExample2 -->
