<?xml version="1.0" encoding="UTF-8"?>
<!-- Generated by org.testng.reporters.JUnitReportReporter -->
<testsuite hostname="Mohan-X1-Carbon" failures="0" tests="1" name="demo.testingNG" time="0.021" errors="0" timestamp="2025-07-30T21:20:29 CDT" skipped="0">
  <testcase classname="demo.testingNG" name="display" time="0.021"/>
</testsuite> <!-- demo.testingNG -->
