<?xml version="1.0" encoding="UTF-8"?>
<!-- Generated by org.testng.reporters.JUnitReportReporter -->
<testsuite hostname="Mohan-X1-Carbon" failures="0" tests="1" name="test1.JsonSchemaValidator" time="5.129" errors="0" timestamp="2025-08-04T22:19:55 CDT" skipped="0">
  <testcase classname="test1.JsonSchemaValidator" name="testGet" time="5.129"/>
</testsuite> <!-- test1.JsonSchemaValidator -->
