<?xml version="1.0" encoding="UTF-8"?>
<!-- Generated by org.testng.reporters.JUnitReportReporter -->
<testsuite hostname="Mohan-X1-Carbon" failures="0" tests="3" name="test1.TestPutAndPatch" time="4.343" errors="0" timestamp="2025-07-31T19:29:36 CDT" skipped="0">
  <testcase classname="test1.TestPutAndPatch" name="testDelete" time="3.318"/>
  <testcase classname="test1.TestPutAndPatch" name="testPatch" time="0.623"/>
  <testcase classname="test1.TestPutAndPatch" name="testPut" time="0.402"/>
</testsuite> <!-- test1.TestPutAndPatch -->
