<?xml version="1.0" encoding="UTF-8"?>
<!-- Generated by org.testng.reporters.JUnitReportReporter -->
<testsuite hostname="Mohan-X1-Carbon" failures="0" tests="1" name="test1.SoapXmlRequest" time="3.672" errors="0" timestamp="2025-08-05T21:43:32 CDT" skipped="0">
  <testcase classname="test1.SoapXmlRequest" name="ValidateSoapXml" time="3.672"/>
</testsuite> <!-- test1.SoapXmlRequest -->
