<?xml version="1.0" encoding="UTF-8"?>
<!-- Generated by org.testng.reporters.JUnitReportReporter -->
<testsuite hostname="Mohan-X1-Carbon" failures="0" tests="1" name="test1.TestExample" time="4.182" errors="0" timestamp="2025-07-16T21:54:37 CDT" skipped="0">
  <testcase classname="test1.TestExample" name="test_1" time="4.182"/>
</testsuite> <!-- test1.TestExample -->
